Reading model...OK. (151 support vectors read)
Classifying test examples..100..200..300..400..500..600..700..done
Runtime (without IO) in cpu-seconds: 0.00
Accuracy on test set: 77.61% (610 correct, 176 incorrect, 786 total)
Precision/recall on test set: 33.87%/87.50%
Reading model...OK. (84 support vectors read)
Classifying test examples..100..200..300..400..500..600..700..done
Runtime (without IO) in cpu-seconds: 0.00
Accuracy on test set: 82.38% (645 correct, 138 incorrect, 783 total)
Precision/recall on test set: 41.41%/94.95%
Reading model...OK. (176 support vectors read)
Classifying test examples..100..200..300..400..500..600..700..done
Runtime (without IO) in cpu-seconds: 0.00
Accuracy on test set: 61.73% (484 correct, 300 incorrect, 784 total)
Precision/recall on test set: 16.78%/52.04%
Reading model...OK. (106 support vectors read)
Classifying test examples..100..200..300..400..500..600..700..done
Runtime (without IO) in cpu-seconds: 0.00
Accuracy on test set: 83.67% (656 correct, 128 incorrect, 784 total)
Precision/recall on test set: 42.02%/80.61%
Reading model...OK. (193 support vectors read)
Classifying test examples..100..200..300..400..500..600..700..done
Runtime (without IO) in cpu-seconds: 0.00
Accuracy on test set: 12.50% (98 correct, 686 incorrect, 784 total)
Precision/recall on test set: 12.50%/100.00%
